Added Component: Designator=C1(C_0805)
Add component. Clean all parameters for all variants
Added Component: Designator=C2(C_RAD_0.135_H_8X12_S)
Add component. Clean all parameters for all variants
Added Component: Designator=C3(C_0805)
Add component. Clean all parameters for all variants
Added Component: Designator=C4(C_0805)
Add component. Clean all parameters for all variants
Added Component: Designator=C5(C_0805)
Add component. Clean all parameters for all variants
Added Component: Designator=C6(C_0805)
Add component. Clean all parameters for all variants
Added Component: Designator=C7(C_0805)
Add component. Clean all parameters for all variants
Added Component: Designator=C8(C_0805)
Add component. Clean all parameters for all variants
Added Component: Designator=C9(C_0805)
Add component. Clean all parameters for all variants
Added Component: Designator=C10(C_0805)
Add component. Clean all parameters for all variants
Added Component: Designator=C11(C_0805)
Add component. Clean all parameters for all variants
Added Component: Designator=C12(C_0805)
Add component. Clean all parameters for all variants
Added Component: Designator=C13(C_0805)
Add component. Clean all parameters for all variants
Added Component: Designator=C14(C_0805)
Add component. Clean all parameters for all variants
Added Component: Designator=C15(C_0805)
Add component. Clean all parameters for all variants
Added Component: Designator=C16(C_0805)
Add component. Clean all parameters for all variants
Added Component: Designator=C17(C_0805)
Add component. Clean all parameters for all variants
Added Component: Designator=C18(C_0805)
Add component. Clean all parameters for all variants
Added Component: Designator=C19(C_0805)
Add component. Clean all parameters for all variants
Added Component: Designator=C20(C_0805)
Add component. Clean all parameters for all variants
Added Component: Designator=C21(C_0805)
Add component. Clean all parameters for all variants
Added Component: Designator=CN1(PJ002B)
Add component. Clean all parameters for all variants
Added Component: Designator=CN2(Header_M_1x5_0.1")
Add component. Clean all parameters for all variants
Added Component: Designator=CN3(Header_M_1x3_0.1")
Add component. Clean all parameters for all variants
Added Component: Designator=D1(D_SMA)
Add component. Clean all parameters for all variants
Added Component: Designator=D2(D_SMA)
Add component. Clean all parameters for all variants
Added Component: Designator=D3(D_SMA)
Add component. Clean all parameters for all variants
Added Component: Designator=D4(D_SMA)
Add component. Clean all parameters for all variants
Added Component: Designator=D5(D_0805)
Add component. Clean all parameters for all variants
Added Component: Designator=D6(D_SMA)
Add component. Clean all parameters for all variants
Added Component: Designator=L1(LQH44)
Add component. Clean all parameters for all variants
Add component (AddParameter): Name = ""; Value = "CDRH10D48MNNP-220-NC"; VariantName = "[No Variations]"
Added Component: Designator=P1(NANOSMDC)
Add component. Clean all parameters for all variants
Added Component: Designator=Q1(SOT_23)
Add component. Clean all parameters for all variants
Added Component: Designator=R1(R_0805)
Add component. Clean all parameters for all variants
Added Component: Designator=R2(R_0805)
Add component. Clean all parameters for all variants
Added Component: Designator=R3(R_0805)
Add component. Clean all parameters for all variants
Added Component: Designator=R4(R_0805)
Add component. Clean all parameters for all variants
Added Component: Designator=R5(R_0805)
Add component. Clean all parameters for all variants
Added Component: Designator=R6(R_0805)
Add component. Clean all parameters for all variants
Added Component: Designator=R7(R_0805)
Add component. Clean all parameters for all variants
Added Component: Designator=R8(R_0805)
Add component. Clean all parameters for all variants
Added Component: Designator=R9(R_0805)
Add component. Clean all parameters for all variants
Added Component: Designator=R10(R_0805)
Add component. Clean all parameters for all variants
Added Component: Designator=R11(R_0805)
Add component. Clean all parameters for all variants
Added Component: Designator=R12(R_0805)
Add component. Clean all parameters for all variants
Added Component: Designator=R13(R_0805)
Add component. Clean all parameters for all variants
Added Component: Designator=RL1(943-1C)
Add component. Clean all parameters for all variants
Added Component: Designator=U1(LQFP_64)
Add component. Clean all parameters for all variants
Added Component: Designator=U2(SOT23-6)
Add component. Clean all parameters for all variants
Added Component: Designator=U3(ESP12F)
Add component. Clean all parameters for all variants
Added Component: Designator=X1(ABM3C)
Add component. Clean all parameters for all variants
Added Component: Designator=X2(AB26TQF)
Add component. Clean all parameters for all variants
Added Pin To Net: NetName=+3.3V Pin=C5-1
Added Pin To Net: NetName=+3.3V Pin=C6-1
Added Pin To Net: NetName=+3.3V Pin=C7-1
Added Pin To Net: NetName=+3.3V Pin=C8-1
Added Pin To Net: NetName=+3.3V Pin=C9-1
Added Pin To Net: NetName=+3.3V Pin=C10-1
Added Pin To Net: NetName=+3.3V Pin=C11-1
Added Pin To Net: NetName=+3.3V Pin=C13-1
Added Pin To Net: NetName=+3.3V Pin=C20-1
Added Pin To Net: NetName=+3.3V Pin=C21-1
Added Pin To Net: NetName=+3.3V Pin=CN2-1
Added Pin To Net: NetName=+3.3V Pin=D2-1
Added Pin To Net: NetName=+3.3V Pin=L1-2
Added Pin To Net: NetName=+3.3V Pin=R1-2
Added Pin To Net: NetName=+3.3V Pin=R2-2
Added Pin To Net: NetName=+3.3V Pin=R4-2
Added Pin To Net: NetName=+3.3V Pin=R5-2
Added Pin To Net: NetName=+3.3V Pin=R8-2
Added Pin To Net: NetName=+3.3V Pin=R9-2
Added Pin To Net: NetName=+3.3V Pin=R10-2
Added Pin To Net: NetName=+3.3V Pin=R11-1
Added Pin To Net: NetName=+3.3V Pin=U1-1
Added Pin To Net: NetName=+3.3V Pin=U1-13
Added Pin To Net: NetName=+3.3V Pin=U1-19
Added Pin To Net: NetName=+3.3V Pin=U1-32
Added Pin To Net: NetName=+3.3V Pin=U1-48
Added Pin To Net: NetName=+3.3V Pin=U1-64
Added Pin To Net: NetName=+3.3V Pin=U3-8
Added Net: Name=+3.3V
Added Pin To Net: NetName=+24V In Pin=CN1-1
Added Pin To Net: NetName=+24V In Pin=D1-1
Added Net: Name=+24V In
Added Pin To Net: NetName=+Vin Pin=C2-1
Added Pin To Net: NetName=+Vin Pin=C3-1
Added Pin To Net: NetName=+Vin Pin=C4-1
Added Pin To Net: NetName=+Vin Pin=D3-2
Added Pin To Net: NetName=+Vin Pin=P1-2
Added Pin To Net: NetName=+Vin Pin=U2-4
Added Pin To Net: NetName=+Vin Pin=U2-5
Added Net: Name=+Vin
Added Pin To Net: NetName=BOOT0 Pin=R7-2
Added Pin To Net: NetName=BOOT0 Pin=U1-60
Added Net: Name=BOOT0
Added Pin To Net: NetName=Com1 Pin=CN3-2
Added Pin To Net: NetName=Com1 Pin=RL1-3
Added Net: Name=Com1
Added Pin To Net: NetName=GND Pin=C2-2
Added Pin To Net: NetName=GND Pin=C3-2
Added Pin To Net: NetName=GND Pin=C4-2
Added Pin To Net: NetName=GND Pin=C5-2
Added Pin To Net: NetName=GND Pin=C6-2
Added Pin To Net: NetName=GND Pin=C7-2
Added Pin To Net: NetName=GND Pin=C8-2
Added Pin To Net: NetName=GND Pin=C9-2
Added Pin To Net: NetName=GND Pin=C10-2
Added Pin To Net: NetName=GND Pin=C11-2
Added Pin To Net: NetName=GND Pin=C12-2
Added Pin To Net: NetName=GND Pin=C13-2
Added Pin To Net: NetName=GND Pin=C14-2
Added Pin To Net: NetName=GND Pin=C15-2
Added Pin To Net: NetName=GND Pin=C16-2
Added Pin To Net: NetName=GND Pin=C17-2
Added Pin To Net: NetName=GND Pin=C18-2
Added Pin To Net: NetName=GND Pin=C19-2
Added Pin To Net: NetName=GND Pin=C20-2
Added Pin To Net: NetName=GND Pin=C21-2
Added Pin To Net: NetName=GND Pin=CN1-2
Added Pin To Net: NetName=GND Pin=CN1-3
Added Pin To Net: NetName=GND Pin=CN2-5
Added Pin To Net: NetName=GND Pin=D3-1
Added Pin To Net: NetName=GND Pin=D4-1
Added Pin To Net: NetName=GND Pin=D5-2
Added Pin To Net: NetName=GND Pin=Q1-2
Added Pin To Net: NetName=GND Pin=R3-1
Added Pin To Net: NetName=GND Pin=R6-1
Added Pin To Net: NetName=GND Pin=R7-1
Added Pin To Net: NetName=GND Pin=R13-1
Added Pin To Net: NetName=GND Pin=U1-12
Added Pin To Net: NetName=GND Pin=U1-18
Added Pin To Net: NetName=GND Pin=U1-31
Added Pin To Net: NetName=GND Pin=U1-47
Added Pin To Net: NetName=GND Pin=U1-63
Added Pin To Net: NetName=GND Pin=U2-2
Added Pin To Net: NetName=GND Pin=U3-15
Added Pin To Net: NetName=GND Pin=X1-2
Added Pin To Net: NetName=GND Pin=X1-4
Added Pin To Net: NetName=GND Pin=X2-3
Added Net: Name=GND
Added Pin To Net: NetName=mcu_OUT0 Pin=R12-2
Added Pin To Net: NetName=mcu_OUT0 Pin=U1-26
Added Net: Name=mcu_OUT0
Added Pin To Net: NetName=mcu_RX1 Pin=U1-59
Added Pin To Net: NetName=mcu_RX1 Pin=U3-22
Added Net: Name=mcu_RX1
Added Pin To Net: NetName=mcu_TX1 Pin=U1-58
Added Pin To Net: NetName=mcu_TX1 Pin=U3-21
Added Net: Name=mcu_TX1
Added Pin To Net: NetName=NA1 Pin=CN3-1
Added Pin To Net: NetName=NA1 Pin=RL1-5
Added Net: Name=NA1
Added Pin To Net: NetName=NC1 Pin=CN3-3
Added Pin To Net: NetName=NC1 Pin=RL1-4
Added Net: Name=NC1
Added Pin To Net: NetName=NetC1_1 Pin=C1-1
Added Pin To Net: NetName=NetC1_1 Pin=D2-2
Added Pin To Net: NetName=NetC1_1 Pin=U2-1
Added Net: Name=NetC1_1
Added Pin To Net: NetName=NetC12_1 Pin=C12-1
Added Pin To Net: NetName=NetC12_1 Pin=U1-5
Added Pin To Net: NetName=NetC12_1 Pin=X1-1
Added Net: Name=NetC12_1
Added Pin To Net: NetName=NetC14_1 Pin=C14-1
Added Pin To Net: NetName=NetC14_1 Pin=U1-6
Added Pin To Net: NetName=NetC14_1 Pin=X1-3
Added Net: Name=NetC14_1
Added Pin To Net: NetName=NetC15_1 Pin=C15-1
Added Pin To Net: NetName=NetC15_1 Pin=U1-3
Added Pin To Net: NetName=NetC15_1 Pin=X2-1
Added Net: Name=NetC15_1
Added Pin To Net: NetName=NetC16_1 Pin=C16-1
Added Pin To Net: NetName=NetC16_1 Pin=U1-4
Added Pin To Net: NetName=NetC16_1 Pin=X2-2
Added Net: Name=NetC16_1
Added Pin To Net: NetName=NetD1_2 Pin=D1-2
Added Pin To Net: NetName=NetD1_2 Pin=P1-1
Added Net: Name=NetD1_2
Added Pin To Net: NetName=NetD5_1 Pin=D5-1
Added Pin To Net: NetName=NetD5_1 Pin=R2-1
Added Net: Name=NetD5_1
Added Pin To Net: NetName=NetD6_1 Pin=D6-1
Added Pin To Net: NetName=NetD6_1 Pin=Q1-3
Added Pin To Net: NetName=NetD6_1 Pin=RL1-2
Added Net: Name=NetD6_1
Added Pin To Net: NetName=NetD6_2 Pin=D6-2
Added Pin To Net: NetName=NetD6_2 Pin=RL1-1
Added Net: Name=NetD6_2
Added Pin To Net: NetName=NetQ1_1 Pin=Q1-1
Added Pin To Net: NetName=NetQ1_1 Pin=R12-1
Added Pin To Net: NetName=NetQ1_1 Pin=R13-2
Added Net: Name=NetQ1_1
Added Pin To Net: NetName=NetR8_1 Pin=R8-1
Added Pin To Net: NetName=NetR8_1 Pin=U3-16
Added Net: Name=NetR8_1
Added Pin To Net: NetName=NetR9_1 Pin=R9-1
Added Pin To Net: NetName=NetR9_1 Pin=U3-18
Added Net: Name=NetR9_1
Added Pin To Net: NetName=NetR10_1 Pin=R10-1
Added Pin To Net: NetName=NetR10_1 Pin=U3-3
Added Net: Name=NetR10_1
Added Pin To Net: NetName=NRST Pin=C18-1
Added Pin To Net: NetName=NRST Pin=CN2-2
Added Pin To Net: NetName=NRST Pin=R5-1
Added Pin To Net: NetName=NRST Pin=U1-7
Added Net: Name=NRST
Added Pin To Net: NetName=RST_Wifi Pin=C19-1
Added Pin To Net: NetName=RST_Wifi Pin=R11-2
Added Pin To Net: NetName=RST_Wifi Pin=U3-1
Added Net: Name=RST_Wifi
Added Pin To Net: NetName=SWCLK Pin=CN2-4
Added Pin To Net: NetName=SWCLK Pin=R6-2
Added Pin To Net: NetName=SWCLK Pin=U1-49
Added Net: Name=SWCLK
Added Pin To Net: NetName=SWDIO Pin=CN2-3
Added Pin To Net: NetName=SWDIO Pin=R4-1
Added Pin To Net: NetName=SWDIO Pin=U1-46
Added Net: Name=SWDIO
Added Pin To Net: NetName=SW Pin=C1-2
Added Pin To Net: NetName=SW Pin=D4-2
Added Pin To Net: NetName=SW Pin=L1-1
Added Pin To Net: NetName=SW Pin=U2-6
Added Net: Name=SW
Added Pin To Net: NetName=VCAP1 Pin=C17-1
Added Pin To Net: NetName=VCAP1 Pin=U1-30
Added Net: Name=VCAP1
Added Pin To Net: NetName=VFB Pin=R1-1
Added Pin To Net: NetName=VFB Pin=R3-2
Added Pin To Net: NetName=VFB Pin=U2-3
Added Net: Name=VFB
Added Class: Name=Designator
